<?xml version="1.0" encoding="utf-8"?><testsuites name="pytest tests"><testsuite name="pytest" errors="0" failures="0" skipped="0" tests="16" time="14.529" timestamp="2026-07-05T20:56:08.840378+00:00" hostname="agent-env-f02080ad-18d6-4a5f-8f4f-f8b05291774e"><testcase classname="tests.test_citadelle_adult_reports_moderation.TestAdultContentPurge" name="test_create_adult_true_purges_images_and_url" time="1.917" /><testcase classname="tests.test_citadelle_adult_reports_moderation.TestAdultContentPurge" name="test_create_normal_keeps_images_and_url" time="1.355" /><testcase classname="tests.test_citadelle_adult_reports_moderation.TestAdultContentPurge" name="test_patch_normal_to_adult_purges" time="0.119" /><testcase classname="tests.test_citadelle_adult_reports_moderation.TestAdultContentPurge" name="test_cleanup" time="0.240" /><testcase classname="tests.test_citadelle_adult_reports_moderation.TestAdultListingPublicVisibility" name="test_list_contains_adult_flag" time="0.103" /><testcase classname="tests.test_citadelle_adult_reports_moderation.TestAdultListingPublicVisibility" name="test_detail_adult_has_no_images_no_url" time="0.352" /><testcase classname="tests.test_citadelle_adult_reports_moderation.TestReports" name="test_create_report_by_buyer" time="1.663" /><testcase classname="tests.test_citadelle_adult_reports_moderation.TestReports" name="test_create_report_invalid_reason" time="0.128" /><testcase classname="tests.test_citadelle_adult_reports_moderation.TestReports" name="test_admin_list_reports" time="0.535" /><testcase classname="tests.test_citadelle_adult_reports_moderation.TestReports" name="test_admin_view_conversation" time="0.126" /><testcase classname="tests.test_citadelle_adult_reports_moderation.TestReports" name="test_admin_patch_report_status" time="0.108" /><testcase classname="tests.test_citadelle_adult_reports_moderation.TestModeration" name="test_warn" time="3.177" /><testcase classname="tests.test_citadelle_adult_reports_moderation.TestModeration" name="test_suspend_then_login_forbidden" time="1.630" /><testcase classname="tests.test_citadelle_adult_reports_moderation.TestModeration" name="test_reactivate_then_login_ok" time="0.438" /><testcase classname="tests.test_citadelle_adult_reports_moderation.TestModeration" name="test_ban_then_login_forbidden_and_listings_rejected" time="2.445" /><testcase classname="tests.test_citadelle_adult_reports_moderation.TestReportsBadgeAdmin" name="test_open_count_positive" time="0.107" /></testsuite></testsuites>