<?xml version="1.0" encoding="utf-8"?><testsuites name="pytest tests"><testsuite name="pytest" errors="0" failures="0" skipped="0" tests="20" time="6.398" timestamp="2026-06-15T19:59:44.440849+00:00" hostname="agent-env-3b665c85-0193-40d7-bcba-f2696fedd3d6"><testcase classname="backend.tests.test_anti_regression.TestJwtMigration" name="test_login_syndicat_returns_token" time="0.405" /><testcase classname="backend.tests.test_anti_regression.TestJwtMigration" name="test_login_citadelle_returns_token" time="0.277" /><testcase classname="backend.tests.test_anti_regression.TestInvalidToken" name="test_citadelle_me_with_bogus_token_401" time="0.139" /><testcase classname="backend.tests.test_anti_regression.TestInvalidToken" name="test_citadelle_me_no_auth_header" time="0.112" /><testcase classname="backend.tests.test_anti_regression.TestInvalidToken" name="test_citadelle_accept_cgu_with_bogus_token_401" time="0.102" /><testcase classname="backend.tests.test_anti_regression.TestInvalidToken" name="test_citadelle_accept_cgu_no_auth" time="0.106" /><testcase classname="backend.tests.test_anti_regression.TestContactsSecurity" name="test_contacts_without_token_forbidden" time="0.113" /><testcase classname="backend.tests.test_anti_regression.TestContactsSecurity" name="test_contacts_with_admin_ok" time="0.384" /><testcase classname="backend.tests.test_anti_regression.TestCitadelleAccessControl" name="test_admin_services_route_requires_auth" time="0.118" /><testcase classname="backend.tests.test_anti_regression.TestCitadelleAccessControl" name="test_admin_services_route_with_admin_ok" time="0.110" /><testcase classname="backend.tests.test_anti_regression.TestCitadelleAccessControl" name="test_member_my_orders_requires_auth" time="0.119" /><testcase classname="backend.tests.test_anti_regression.TestPasswordReset" name="test_syndicat_forgot_password_ok" time="0.049" /><testcase classname="backend.tests.test_anti_regression.TestPasswordReset" name="test_citadelle_forgot_password_ok" time="0.046" /><testcase classname="backend.tests.test_anti_regression.TestEmailEndpoints" name="test_citadelle_contact_form_ok" time="1.440" /><testcase classname="backend.tests.test_anti_regression.TestContactUploadValidation" name="test_contact_with_html_attachment_rejected" time="0.106" /><testcase classname="backend.tests.test_anti_regression.TestContactUploadValidation" name="test_contact_without_attachment_ok" time="1.616" /><testcase classname="backend.tests.test_anti_regression.TestRememberMe" name="test_citadelle_login_remember_false_24h" time="0.269" /><testcase classname="backend.tests.test_anti_regression.TestRememberMe" name="test_citadelle_login_remember_true_30d" time="0.274" /><testcase classname="backend.tests.test_anti_regression.TestRememberMe" name="test_syndicat_login_remember_false_24h" time="0.271" /><testcase classname="backend.tests.test_anti_regression.TestRememberMe" name="test_syndicat_login_remember_true_30d" time="0.272" /></testsuite></testsuites>