<?xml version="1.0" encoding="utf-8"?><testsuites name="pytest tests"><testsuite name="pytest" errors="0" failures="0" skipped="0" tests="25" time="5.966" timestamp="2026-07-05T19:09:36.336650+00:00" hostname="agent-env-f02080ad-18d6-4a5f-8f4f-f8b05291774e"><testcase classname="backend.tests.test_citadelle_attachments.TestUploadAttachment" name="test_upload_png_ok" time="0.559" /><testcase classname="backend.tests.test_citadelle_attachments.TestUploadAttachment" name="test_upload_pdf_ok" time="0.162" /><testcase classname="backend.tests.test_citadelle_attachments.TestUploadAttachment" name="test_upload_txt_rejected" time="0.119" /><testcase classname="backend.tests.test_citadelle_attachments.TestUploadAttachment" name="test_upload_too_large" time="0.885" /><testcase classname="backend.tests.test_citadelle_attachments.TestUploadAttachment" name="test_upload_requires_auth" time="0.102" /><testcase classname="backend.tests.test_citadelle_attachments.TestPdfAntiContact" name="test_pdf_with_email_rejected" time="0.128" /><testcase classname="backend.tests.test_citadelle_attachments.TestPdfAntiContact" name="test_pdf_with_phone_spaces_rejected" time="0.101" /><testcase classname="backend.tests.test_citadelle_attachments.TestPdfAntiContact" name="test_pdf_with_phone_compact_rejected" time="0.102" /><testcase classname="backend.tests.test_citadelle_attachments.TestPdfAntiContact" name="test_pdf_clean_accepted" time="0.117" /><testcase classname="backend.tests.test_citadelle_attachments.TestPdfAntiContact" name="test_image_with_contact_visual_accepted" time="0.117" /><testcase classname="backend.tests.test_citadelle_attachments.TestPdfAntiContact" name="test_pdf_corrupted_accepted" time="0.106" /><testcase classname="backend.tests.test_citadelle_attachments.TestPdfAntiContact" name="test_message_with_clean_pdf_still_works" time="0.851" /><testcase classname="backend.tests.test_citadelle_attachments.TestTransactionMessage" name="test_message_with_attachment_no_text" time="0.211" /><testcase classname="backend.tests.test_citadelle_attachments.TestTransactionMessage" name="test_message_text_only_ok" time="0.103" /><testcase classname="backend.tests.test_citadelle_attachments.TestTransactionMessage" name="test_message_empty_no_attachment_400" time="0.100" /><testcase classname="backend.tests.test_citadelle_attachments.TestTransactionMessage" name="test_message_forged_url_400" time="0.123" /><testcase classname="backend.tests.test_citadelle_attachments.TestTransactionMessage" name="test_message_too_many_attachments" time="0.206" /><testcase classname="backend.tests.test_citadelle_attachments.TestTransactionMessage" name="test_sanitizer_still_works" time="0.103" /><testcase classname="backend.tests.test_citadelle_attachments.TestPreSaleMessage" name="test_reply_with_attachment_no_text" time="0.703" /><testcase classname="backend.tests.test_citadelle_attachments.TestPreSaleMessage" name="test_reply_empty_400" time="0.120" /><testcase classname="backend.tests.test_citadelle_attachments.TestPreSaleMessage" name="test_reply_forged_url_400" time="0.122" /><testcase classname="backend.tests.test_citadelle_attachments.TestPreSaleMessage" name="test_reply_text_only_ok" time="0.119" /><testcase classname="backend.tests.test_citadelle_attachments.TestDisputeMessage" name="test_dispute_msg_with_attachment" time="0.420" /><testcase classname="backend.tests.test_citadelle_attachments.TestDisputeMessage" name="test_dispute_msg_empty_400" time="0.102" /><testcase classname="backend.tests.test_citadelle_attachments.TestDisputeMessage" name="test_dispute_msg_forged_400" time="0.122" /></testsuite></testsuites>