<?xml version="1.0" encoding="utf-8"?><testsuites name="pytest tests"><testsuite name="pytest" errors="0" failures="0" skipped="0" tests="18" time="4.541" timestamp="2026-07-05T18:57:22.941534+00:00" hostname="agent-env-f02080ad-18d6-4a5f-8f4f-f8b05291774e"><testcase classname="tests.test_citadelle_attachments.TestUploadAttachment" name="test_upload_png_ok" time="0.581" /><testcase classname="tests.test_citadelle_attachments.TestUploadAttachment" name="test_upload_pdf_ok" time="0.124" /><testcase classname="tests.test_citadelle_attachments.TestUploadAttachment" name="test_upload_txt_rejected" time="0.115" /><testcase classname="tests.test_citadelle_attachments.TestUploadAttachment" name="test_upload_too_large" time="1.023" /><testcase classname="tests.test_citadelle_attachments.TestUploadAttachment" name="test_upload_requires_auth" time="0.102" /><testcase classname="tests.test_citadelle_attachments.TestTransactionMessage" name="test_message_with_attachment_no_text" time="0.334" /><testcase classname="tests.test_citadelle_attachments.TestTransactionMessage" name="test_message_text_only_ok" time="0.102" /><testcase classname="tests.test_citadelle_attachments.TestTransactionMessage" name="test_message_empty_no_attachment_400" time="0.156" /><testcase classname="tests.test_citadelle_attachments.TestTransactionMessage" name="test_message_forged_url_400" time="0.108" /><testcase classname="tests.test_citadelle_attachments.TestTransactionMessage" name="test_message_too_many_attachments" time="0.209" /><testcase classname="tests.test_citadelle_attachments.TestTransactionMessage" name="test_sanitizer_still_works" time="0.118" /><testcase classname="tests.test_citadelle_attachments.TestPreSaleMessage" name="test_reply_with_attachment_no_text" time="0.663" /><testcase classname="tests.test_citadelle_attachments.TestPreSaleMessage" name="test_reply_empty_400" time="0.108" /><testcase classname="tests.test_citadelle_attachments.TestPreSaleMessage" name="test_reply_forged_url_400" time="0.117" /><testcase classname="tests.test_citadelle_attachments.TestPreSaleMessage" name="test_reply_text_only_ok" time="0.106" /><testcase classname="tests.test_citadelle_attachments.TestDisputeMessage" name="test_dispute_msg_with_attachment" time="0.308" /><testcase classname="tests.test_citadelle_attachments.TestDisputeMessage" name="test_dispute_msg_empty_400" time="0.110" /><testcase classname="tests.test_citadelle_attachments.TestDisputeMessage" name="test_dispute_msg_forged_400" time="0.103" /></testsuite></testsuites>