<?xml version="1.0" encoding="utf-8"?><testsuites name="pytest tests"><testsuite name="pytest" errors="0" failures="0" skipped="0" tests="12" time="3.016" timestamp="2026-07-05T19:09:28.838149+00:00" hostname="agent-env-f02080ad-18d6-4a5f-8f4f-f8b05291774e"><testcase classname="backend.tests.test_citadelle_attachments.TestUploadAttachment" name="test_upload_png_ok" time="0.759" /><testcase classname="backend.tests.test_citadelle_attachments.TestUploadAttachment" name="test_upload_pdf_ok" time="0.139" /><testcase classname="backend.tests.test_citadelle_attachments.TestUploadAttachment" name="test_upload_txt_rejected" time="0.102" /><testcase classname="backend.tests.test_citadelle_attachments.TestUploadAttachment" name="test_upload_too_large" time="0.788" /><testcase classname="backend.tests.test_citadelle_attachments.TestUploadAttachment" name="test_upload_requires_auth" time="0.112" /><testcase classname="backend.tests.test_citadelle_attachments.TestPdfAntiContact" name="test_pdf_with_email_rejected" time="0.124" /><testcase classname="backend.tests.test_citadelle_attachments.TestPdfAntiContact" name="test_pdf_with_phone_spaces_rejected" time="0.104" /><testcase classname="backend.tests.test_citadelle_attachments.TestPdfAntiContact" name="test_pdf_with_phone_compact_rejected" time="0.108" /><testcase classname="backend.tests.test_citadelle_attachments.TestPdfAntiContact" name="test_pdf_clean_accepted" time="0.139" /><testcase classname="backend.tests.test_citadelle_attachments.TestPdfAntiContact" name="test_image_with_contact_visual_accepted" time="0.156" /><testcase classname="backend.tests.test_citadelle_attachments.TestPdfAntiContact" name="test_pdf_corrupted_accepted" time="0.103" /><testcase classname="backend.tests.test_citadelle_attachments.TestPdfAntiContact" name="test_message_with_clean_pdf_still_works" time="0.303" /></testsuite></testsuites>