<?xml version="1.0" encoding="utf-8"?><testsuites name="pytest tests"><testsuite name="pytest" errors="0" failures="0" skipped="0" tests="13" time="22.318" timestamp="2026-07-05T17:40:45.136436+00:00" hostname="agent-env-f02080ad-18d6-4a5f-8f4f-f8b05291774e"><testcase classname="tests.test_citadelle_buyer_counter" name="test_buyer_counter_success_countered_to_offer_sent" time="3.497" /><testcase classname="tests.test_citadelle_buyer_counter" name="test_buyer_counter_wrong_status_offer_sent" time="1.430" /><testcase classname="tests.test_citadelle_buyer_counter" name="test_buyer_counter_wrong_status_offer_accepted" time="1.477" /><testcase classname="tests.test_citadelle_buyer_counter" name="test_buyer_counter_wrong_status_payment_done" time="1.425" /><testcase classname="tests.test_citadelle_buyer_counter" name="test_buyer_counter_forbidden_for_seller" time="1.809" /><testcase classname="tests.test_citadelle_buyer_counter" name="test_refuse_counter_removed" time="1.406" /><testcase classname="tests.test_citadelle_buyer_counter" name="test_full_ping_pong_negotiation" time="2.217" /><testcase classname="tests.test_citadelle_buyer_counter" name="test_regression_withdraw_from_offer_sent" time="1.536" /><testcase classname="tests.test_citadelle_buyer_counter" name="test_regression_withdraw_from_offer_countered" time="1.409" /><testcase classname="tests.test_citadelle_buyer_counter" name="test_regression_withdraw_from_offer_accepted" time="1.423" /><testcase classname="tests.test_citadelle_buyer_counter" name="test_regression_accept_counter" time="1.572" /><testcase classname="tests.test_citadelle_buyer_counter" name="test_regression_seller_refuse_from_offer_sent" time="1.514" /><testcase classname="tests.test_citadelle_buyer_counter" name="test_regression_seller_refuse_from_offer_countered" time="1.540" /></testsuite></testsuites>