<?xml version="1.0" encoding="utf-8"?><testsuites name="pytest tests"><testsuite name="pytest" errors="0" failures="1" skipped="0" tests="33" time="6.312" timestamp="2026-06-02T06:05:31.358982+00:00" hostname="agent-env-31cc2279-40e6-4c2b-a2b7-a48f048be95a"><testcase classname="backend.tests.test_citadelle_listings.TestPublicListings" name="test_public_listings_returns_correct_structure" time="0.212" /><testcase classname="backend.tests.test_citadelle_listings.TestPublicListings" name="test_public_listings_no_mongo_id" time="0.113" /><testcase classname="backend.tests.test_citadelle_listings.TestPublicListings" name="test_public_listings_only_active" time="0.116" /><testcase classname="backend.tests.test_citadelle_listings.TestPublicListings" name="test_public_listings_filter_by_type" time="0.104" /><testcase classname="backend.tests.test_citadelle_listings.TestPublicListings" name="test_public_listings_sort_options" time="0.494" /><testcase classname="backend.tests.test_citadelle_listings.TestPublicListings" name="test_public_listings_pagination" time="0.105" /><testcase classname="backend.tests.test_citadelle_listings.TestPublicListings" name="test_public_listings_budget_filter" time="0.142" /><testcase classname="backend.tests.test_citadelle_listings.TestCitadelleAuth" name="test_citadelle_login_success" time="0.360" /><testcase classname="backend.tests.test_citadelle_listings.TestCitadelleAuth" name="test_citadelle_login_wrong_password" time="0.340" /><testcase classname="backend.tests.test_citadelle_listings.TestCitadelleAuth" name="test_admin_login_success" time="0.355" /><testcase classname="backend.tests.test_citadelle_listings.TestCreateListing" name="test_create_listing_unauthenticated_fails" time="0.105" /><testcase classname="backend.tests.test_citadelle_listings.TestCreateListing" name="test_create_listing_success" time="0.498" /><testcase classname="backend.tests.test_citadelle_listings.TestCreateListing" name="test_create_listing_invalid_type_fails" time="0.044" /><testcase classname="backend.tests.test_citadelle_listings.TestCreateListing" name="test_create_listing_short_title_fails" time="0.051" /><testcase classname="backend.tests.test_citadelle_listings.TestMyListings" name="test_my_listings_authenticated" time="0.047" /><testcase classname="backend.tests.test_citadelle_listings.TestMyListings" name="test_my_listings_includes_pending" time="0.047" /><testcase classname="backend.tests.test_citadelle_listings.TestMyListings" name="test_my_listings_unauthenticated_fails" time="0.198" /><testcase classname="backend.tests.test_citadelle_listings.TestAdminListings" name="test_admin_list_all_listings" time="0.456" /><testcase classname="backend.tests.test_citadelle_listings.TestAdminListings" name="test_admin_list_pending_only" time="0.049" /><testcase classname="backend.tests.test_citadelle_listings.TestAdminListings" name="test_admin_requires_auth" time="0.118" /><testcase classname="backend.tests.test_citadelle_listings.TestAdminListings" name="test_admin_citadelle_user_cannot_access_admin" time="0.045" /><testcase classname="backend.tests.test_citadelle_listings.TestAdminListings" name="test_admin_validate_listing" time="0.048" /><testcase classname="backend.tests.test_citadelle_listings.TestAdminListings" name="test_listing_appears_in_public_after_validation" time="1.164" /><testcase classname="backend.tests.test_citadelle_listings.TestAdminListings" name="test_listing_detail_accessible_by_slug" time="0.110" /><testcase classname="backend.tests.test_citadelle_listings.TestAdminListings" name="test_admin_cannot_validate_active_listing" time="0.046" /><testcase classname="backend.tests.test_citadelle_listings.TestRejectFlow" name="test_create_second_listing_for_reject" time="0.142" /><testcase classname="backend.tests.test_citadelle_listings.TestRejectFlow" name="test_admin_reject_listing" time="0.047" /><testcase classname="backend.tests.test_citadelle_listings.TestRejectFlow" name="test_rejected_listing_shows_reason_in_my_listings" time="0.047" /><testcase classname="backend.tests.test_citadelle_listings.TestRejectFlow" name="test_update_rejected_listing_goes_pending" time="0.051" /><testcase classname="backend.tests.test_citadelle_listings.TestRejectFlow" name="test_admin_reject_short_reason_fails" time="0.053"><failure message="AssertionError: Expected 400/422, got 200&#10;assert 200 in [400, 422]&#10; +  where 200 = &lt;Response [200]&gt;.status_code">backend/tests/test_citadelle_listings.py:448: in test_admin_reject_short_reason_fails
    assert res.status_code in [400, 422], f"Expected 400/422, got {res.status_code}"
E   AssertionError: Expected 400/422, got 200
E   assert 200 in [400, 422]
E    +  where 200 = &lt;Response [200]&gt;.status_code</failure></testcase><testcase classname="backend.tests.test_citadelle_listings.TestDeleteListing" name="test_delete_own_pending_listing" time="0.354" /><testcase classname="backend.tests.test_citadelle_listings.TestDeleteListing" name="test_delete_active_listing_fails" time="0.047" /><testcase classname="backend.tests.test_citadelle_listings.TestCleanup" name="test_cleanup_test_listings" time="0.053" /></testsuite></testsuites>