<?xml version="1.0" encoding="utf-8"?><testsuites name="pytest tests"><testsuite name="pytest" errors="0" failures="0" skipped="0" tests="9" time="10.378" timestamp="2026-07-05T22:58:46.771724+00:00" hostname="agent-env-f02080ad-18d6-4a5f-8f4f-f8b05291774e"><testcase classname="backend.tests.test_citadelle_concurrent_offers_cancel.TestAcceptCancelsConcurrent" name="test_accept_cancels_concurrent_offers" time="3.940" /><testcase classname="backend.tests.test_citadelle_concurrent_offers_cancel.TestAcceptCounterCancelsConcurrent" name="test_accept_counter_cancels_concurrent_offers" time="2.576" /><testcase classname="backend.tests.test_citadelle_concurrent_offers_cancel.TestAccessControl" name="test_accept_403_if_not_seller" time="0.145" /><testcase classname="backend.tests.test_citadelle_concurrent_offers_cancel.TestAccessControl" name="test_accept_counter_403_if_not_buyer" time="0.134" /><testcase classname="backend.tests.test_citadelle_concurrent_offers_cancel.TestAccessControl" name="test_accept_400_if_wrong_status" time="0.145" /><testcase classname="backend.tests.test_citadelle_concurrent_offers_cancel.TestAccessControl" name="test_accept_counter_400_if_not_countered" time="0.114" /><testcase classname="backend.tests.test_citadelle_concurrent_offers_cancel.TestAccessControl" name="test_accept_404_if_unknown" time="0.142" /><testcase classname="backend.tests.test_citadelle_concurrent_offers_cancel.TestAccessControl" name="test_accept_counter_404_if_unknown" time="0.136" /><testcase classname="backend.tests.test_citadelle_concurrent_offers_cancel.TestNoRegression" name="test_full_flow_create_counter_buyer_counter_refuse_withdraw" time="2.903" /></testsuite></testsuites>