<?xml version="1.0" encoding="utf-8"?><testsuites name="pytest tests"><testsuite name="pytest" errors="0" failures="0" skipped="0" tests="5" time="1.637" timestamp="2026-07-05T23:31:22.599224+00:00" hostname="agent-env-f02080ad-18d6-4a5f-8f4f-f8b05291774e"><testcase classname="tests.test_email_notifications_pref" name="test_me_returns_email_notifications" time="0.535" /><testcase classname="tests.test_email_notifications_pref" name="test_set_false_then_true" time="0.490" /><testcase classname="tests.test_email_notifications_pref" name="test_other_profile_fields_still_work" time="0.240" /><testcase classname="tests.test_email_notifications_pref" name="test_helper_defaults_true_for_unknown_user" time="0.090" /><testcase classname="tests.test_email_notifications_pref" name="test_cleanup_reset_buyer_true" time="0.229" /></testsuite></testsuites>