<?xml version="1.0" encoding="utf-8"?><testsuites name="pytest tests"><testsuite name="pytest" errors="0" failures="0" skipped="0" tests="15" time="2.051" timestamp="2026-07-04T01:47:59.536430+00:00" hostname="agent-env-ee46e6d6-f286-48ae-902b-26020f7fab35"><testcase classname="backend.tests.test_stripe_connect_escrow.TestWebhookSignatures" name="test_webhook_connect_rejects_invalid_signature" time="0.167" /><testcase classname="backend.tests.test_stripe_connect_escrow.TestWebhookSignatures" name="test_webhook_connect_rejects_missing_signature" time="0.045" /><testcase classname="backend.tests.test_stripe_connect_escrow.TestWebhookSignatures" name="test_webhook_payments_rejects_invalid_signature" time="0.044" /><testcase classname="backend.tests.test_stripe_connect_escrow.TestWebhookSignatures" name="test_webhook_payments_rejects_missing_signature" time="0.046" /><testcase classname="backend.tests.test_stripe_connect_escrow.TestConnectDuplicateRemoved" name="test_old_connect_onboard_404" time="0.337" /><testcase classname="backend.tests.test_stripe_connect_escrow.TestConnectDuplicateRemoved" name="test_old_connect_status_404" time="0.043" /><testcase classname="backend.tests.test_stripe_connect_escrow.TestConnectDuplicateRemoved" name="test_old_connect_relink_404" time="0.044" /><testcase classname="backend.tests.test_stripe_connect_escrow.TestStripeConnectStatus" name="test_status_requires_auth" time="0.043" /><testcase classname="backend.tests.test_stripe_connect_escrow.TestStripeConnectStatus" name="test_status_not_connected_for_member_without_account" time="0.042" /><testcase classname="backend.tests.test_stripe_connect_escrow.TestCommissionEscrow" name="test_commission_percentage_rule_5000eur" time="0.606" /><testcase classname="backend.tests.test_stripe_connect_escrow.TestCommissionEscrow" name="test_commission_minimum_rule_150eur" time="0.158" /><testcase classname="backend.tests.test_stripe_connect_escrow.TestCommissionEscrow" name="test_finalize_refuses_if_not_admin_verified" time="0.140" /><testcase classname="backend.tests.test_stripe_connect_escrow.TestSecurity" name="test_admin_complete_requires_admin_no_token" time="0.041" /><testcase classname="backend.tests.test_stripe_connect_escrow.TestSecurity" name="test_admin_complete_requires_admin_member_token" time="0.081" /><testcase classname="backend.tests.test_stripe_connect_escrow.TestSecurity" name="test_admin_verify_requires_admin_member_token" time="0.067" /></testsuite></testsuites>