<?xml version="1.0" encoding="utf-8"?><testsuites name="pytest tests"><testsuite name="pytest" errors="0" failures="0" skipped="0" tests="10" time="2.736" timestamp="2026-07-03T23:34:40.273238+00:00" hostname="agent-env-ee46e6d6-f286-48ae-902b-26020f7fab35"><testcase classname="tests.test_promo_globale.TestPromoAdmin" name="test_admin_get_promo_requires_auth" time="0.503" /><testcase classname="tests.test_promo_globale.TestPromoAdmin" name="test_admin_get_promo_default" time="0.108" /><testcase classname="tests.test_promo_globale.TestPromoAdmin" name="test_admin_patch_activate_promo" time="0.137" /><testcase classname="tests.test_promo_globale.TestPromoAdmin" name="test_admin_get_promo_after_patch" time="0.110" /><testcase classname="tests.test_promo_globale.TestPromoPublic" name="test_public_promo_active" time="0.101" /><testcase classname="tests.test_promo_globale.TestCheckoutAppliesPromo" name="test_checkout_uses_reduced_price" time="0.701" /><testcase classname="tests.test_promo_globale.TestPromoDeactivation" name="test_deactivate_promo" time="0.103" /><testcase classname="tests.test_promo_globale.TestPromoDeactivation" name="test_public_promo_inactive_after_disable" time="0.102" /><testcase classname="tests.test_promo_globale.TestPromoDeactivation" name="test_checkout_uses_full_price_when_disabled" time="0.340" /><testcase classname="tests.test_promo_globale.TestPromoExpiration" name="test_expired_promo_is_inactive" time="0.466" /></testsuite></testsuites>