<?xml version="1.0" encoding="utf-8"?><testsuites name="pytest tests"><testsuite name="pytest" errors="0" failures="0" skipped="0" tests="15" time="13.925" timestamp="2026-07-05T22:36:39.119104+00:00" hostname="agent-env-f02080ad-18d6-4a5f-8f4f-f8b05291774e"><testcase classname="backend.tests.test_citadelle_bid_report_second_chance.TestReportBidBackend" name="test_report_bid_401_sans_auth" time="1.449" /><testcase classname="backend.tests.test_citadelle_bid_report_second_chance.TestReportBidBackend" name="test_report_bid_404_annonce_inconnue" time="0.112" /><testcase classname="backend.tests.test_citadelle_bid_report_second_chance.TestReportBidBackend" name="test_report_bid_400_pas_enchere" time="0.111" /><testcase classname="backend.tests.test_citadelle_bid_report_second_chance.TestReportBidBackend" name="test_report_bid_400_sans_enchere" time="0.183" /><testcase classname="backend.tests.test_citadelle_bid_report_second_chance.TestReportBidBackend" name="test_report_bid_200_backfill_bid_id" time="1.514" /><testcase classname="backend.tests.test_citadelle_bid_report_second_chance.TestAdminDeleteBidBackend" name="test_delete_bid_403_sans_admin" time="0.102" /><testcase classname="backend.tests.test_citadelle_bid_report_second_chance.TestAdminDeleteBidBackend" name="test_delete_bid_404_bid_inconnu" time="0.502" /><testcase classname="backend.tests.test_citadelle_bid_report_second_chance.TestAdminDeleteBidBackend" name="test_delete_bid_200_recalcul_current" time="1.387" /><testcase classname="backend.tests.test_citadelle_bid_report_second_chance.TestAdminDeleteBidBackend" name="test_delete_bid_200_dernier_bid_reset_prix" time="1.330" /><testcase classname="backend.tests.test_citadelle_bid_report_second_chance.TestAdminDeleteBidBackend" name="test_delete_bid_double_delete_404" time="1.579" /><testcase classname="backend.tests.test_citadelle_bid_report_second_chance.TestSecondChanceBackend" name="test_request_second_chance_403_sans_admin" time="0.110" /><testcase classname="backend.tests.test_citadelle_bid_report_second_chance.TestSecondChanceBackend" name="test_request_second_chance_400_tx_non_annulee" time="0.120" /><testcase classname="backend.tests.test_citadelle_bid_report_second_chance.TestSecondChanceBackend" name="test_request_second_chance_400_non_auction" time="0.156" /><testcase classname="backend.tests.test_citadelle_bid_report_second_chance.TestSecondChanceBackend" name="test_full_flow_request_confirm_and_chain" time="3.528" /><testcase classname="backend.tests.test_citadelle_bid_report_second_chance.TestSecondChanceBackend" name="test_decline_second_chance" time="1.587" /></testsuite></testsuites>