<?xml version="1.0" encoding="utf-8"?><testsuites name="pytest tests"><testsuite name="pytest" errors="0" failures="0" skipped="0" tests="11" time="2.062" timestamp="2026-07-04T00:10:17.881894+00:00" hostname="agent-env-ee46e6d6-f286-48ae-902b-26020f7fab35"><testcase classname="backend.tests.test_member_activity.TestSecurity" name="test_no_token_rejected" time="0.309" /><testcase classname="backend.tests.test_member_activity.TestSecurity" name="test_invalid_token_rejected" time="0.111" /><testcase classname="backend.tests.test_member_activity.TestEmpty" name="test_no_interactions_returns_empty" time="0.477" /><testcase classname="backend.tests.test_member_activity.TestMessageScenario" name="test_unread_message_appears" time="0.147" /><testcase classname="backend.tests.test_member_activity.TestMessageScenario" name="test_read_message_disappears" time="0.105" /><testcase classname="backend.tests.test_member_activity.TestTransactionScenarios" name="test_offer_received_as_seller" time="0.109" /><testcase classname="backend.tests.test_member_activity.TestTransactionScenarios" name="test_counter_offer_as_buyer" time="0.140" /><testcase classname="backend.tests.test_member_activity.TestTransactionScenarios" name="test_payment_needed_as_buyer" time="0.189" /><testcase classname="backend.tests.test_member_activity.TestTransactionScenarios" name="test_delivery_needed_as_seller" time="0.106" /><testcase classname="backend.tests.test_member_activity.TestTransactionScenarios" name="test_dispute" time="0.100" /><testcase classname="backend.tests.test_member_activity.TestSorting" name="test_items_sorted_desc" time="0.110" /></testsuite></testsuites>