<?xml version="1.0" encoding="utf-8"?><testsuites name="pytest tests"><testsuite name="pytest" errors="0" failures="0" skipped="0" tests="8" time="2.544" timestamp="2026-07-03T23:09:29.274646+00:00" hostname="agent-env-ee46e6d6-f286-48ae-902b-26020f7fab35"><testcase classname="backend.tests.test_iteration_10.TestServicePriceSync" name="test_estimation_standard_exists" time="0.541" /><testcase classname="backend.tests.test_iteration_10.TestServicePriceSync" name="test_price_update_reflects_in_public_endpoint" time="0.601" /><testcase classname="backend.tests.test_iteration_10.TestEstimationCheckout" name="test_checkout_service_returns_url" time="0.644" /><testcase classname="backend.tests.test_iteration_10.TestActivityFeed" name="test_activity_feed_requires_auth" time="0.114" /><testcase classname="backend.tests.test_iteration_10.TestActivityFeed" name="test_activity_feed_returns_two_lists" time="0.100" /><testcase classname="backend.tests.test_iteration_10.TestInvoicePDF" name="test_list_admin_invoices" time="0.141" /><testcase classname="backend.tests.test_iteration_10.TestInvoicePDF" name="test_invoice_pdf_contains_correct_mentions" time="0.129" /><testcase classname="backend.tests.test_iteration_10.TestInvoicePDF" name="test_invoice_recipient_block_present" time="0.124" /></testsuite></testsuites>