<?xml version="1.0" encoding="utf-8"?><testsuites name="pytest tests"><testsuite name="pytest" errors="0" failures="0" skipped="0" tests="24" time="43.277" timestamp="2026-08-14T15:26:21.418518+00:00" hostname="agent-env-8c2308dc-eeb0-4b5e-8f18-f7758fd20469"><testcase classname="tests.test_listing_relance.TestAdminTriggerRelanceEndpoint" name="test_endpoint_accessible_with_admin_token" time="0.610" /><testcase classname="tests.test_listing_relance.TestAdminTriggerRelanceEndpoint" name="test_endpoint_returns_correct_message" time="0.157" /><testcase classname="tests.test_listing_relance.TestAdminTriggerRelanceEndpoint" name="test_endpoint_requires_auth" time="0.172" /><testcase classname="tests.test_listing_relance.TestAdminTriggerRelanceEndpoint" name="test_endpoint_rejects_invalid_token" time="0.136" /><testcase classname="tests.test_listing_relance.TestAdminTriggerRelanceEndpoint" name="test_endpoint_rejects_non_admin_user" time="0.505" /><testcase classname="tests.test_listing_relance.TestRelanceEligibility" name="test_listing_older_than_31_days_no_relance_is_eligible" time="4.186" /><testcase classname="tests.test_listing_relance.TestRelanceEligibility" name="test_listing_older_than_31_days_relance_recent_not_eligible" time="4.258" /><testcase classname="tests.test_listing_relance.TestRelanceEligibility" name="test_listing_older_than_31_days_relance_older_than_60_days_is_eligible" time="5.123" /><testcase classname="tests.test_listing_relance.TestRelanceEligibility" name="test_listing_recent_less_than_31_days_not_eligible" time="4.216" /><testcase classname="tests.test_listing_relance.TestRelanceEligibility" name="test_inactive_listing_not_processed" time="4.138" /><testcase classname="tests.test_listing_relance.TestRelanceEligibility" name="test_listing_without_seller_email_skipped" time="4.215" /><testcase classname="tests.test_listing_relance.TestEmailOverride" name="test_email_sent_to_test_override_not_real_seller" time="5.119" /><testcase classname="tests.test_listing_relance.TestEmailOverride" name="test_test_email_override_configured_in_env" time="0.000" /><testcase classname="tests.test_listing_relance.TestQualityScore" name="test_empty_listing_has_low_score" time="0.021" /><testcase classname="tests.test_listing_relance.TestQualityScore" name="test_complete_listing_has_high_score" time="0.000" /><testcase classname="tests.test_listing_relance.TestQualityScore" name="test_score_labels_thresholds" time="0.000" /><testcase classname="tests.test_listing_relance.TestQualityScore" name="test_title_requires_15_chars_and_number" time="0.000" /><testcase classname="tests.test_listing_relance.TestQualityScore" name="test_score_pct_is_integer_between_0_and_100" time="0.000" /><testcase classname="tests.test_listing_relance.TestQualityScore" name="test_adult_listing_excludes_image_and_url_criteria" time="0.000" /><testcase classname="tests.test_listing_relance.TestQualityScore" name="test_missing_returns_list_of_strings" time="0.000" /><testcase classname="tests.test_listing_relance.TestSettings" name="test_test_email_override_loaded_in_settings" time="0.004" /><testcase classname="tests.test_listing_relance.TestSettings" name="test_send_relance_email_uses_override" time="0.010" /><testcase classname="tests.test_listing_relance.TestRelanceSentAtPersistence" name="test_relance_sent_at_is_iso_datetime" time="5.157" /><testcase classname="tests.test_listing_relance.TestRelanceSentAtPersistence" name="test_relance_sent_at_only_updated_when_email_sent" time="5.181" /></testsuite></testsuites>