<?xml version="1.0" encoding="utf-8"?><testsuites name="pytest tests"><testsuite name="pytest" errors="0" failures="0" skipped="0" tests="28" time="19.147" timestamp="2026-08-14T12:14:58.288557+00:00" hostname="agent-env-d55f5806-859a-4da0-84ef-496736d5d855"><testcase classname="backend.tests.test_messaging_email_notifications.TestFlux1BuyerFirstMessage" name="test_send_first_message_returns_201" time="0.690" /><testcase classname="backend.tests.test_messaging_email_notifications.TestFlux1BuyerFirstMessage" name="test_send_first_message_response_structure" time="2.232" /><testcase classname="backend.tests.test_messaging_email_notifications.TestFlux1BuyerFirstMessage" name="test_seller_last_notified_set_after_first_message" time="4.001" /><testcase classname="backend.tests.test_messaging_email_notifications.TestFlux2SellerReply" name="test_seller_reply_returns_200" time="0.530" /><testcase classname="backend.tests.test_messaging_email_notifications.TestFlux2SellerReply" name="test_buyer_last_notified_set_after_seller_reply" time="4.001" /><testcase classname="backend.tests.test_messaging_email_notifications.TestFlux3AntiSpamVendeur" name="test_antispam_seller_second_message_no_update" time="3.135" /><testcase classname="backend.tests.test_messaging_email_notifications.TestFlux4AntiSpamAcheteur" name="test_antispam_buyer_second_reply_no_update" time="3.140" /><testcase classname="backend.tests.test_messaging_email_notifications.TestFlux5ShouldNotifyHelper" name="test_should_notify_returns_true_when_no_last_notified" time="0.000" /><testcase classname="backend.tests.test_messaging_email_notifications.TestFlux5ShouldNotifyHelper" name="test_should_notify_returns_true_when_user_not_in_last_notified" time="0.000" /><testcase classname="backend.tests.test_messaging_email_notifications.TestFlux5ShouldNotifyHelper" name="test_should_notify_returns_false_within_cooldown" time="0.000" /><testcase classname="backend.tests.test_messaging_email_notifications.TestFlux5ShouldNotifyHelper" name="test_should_notify_returns_true_after_cooldown" time="0.000" /><testcase classname="backend.tests.test_messaging_email_notifications.TestFlux5ShouldNotifyHelper" name="test_should_notify_handles_naive_datetime" time="0.000" /><testcase classname="backend.tests.test_messaging_email_notifications.TestFlux5ShouldNotifyHelper" name="test_should_notify_handles_invalid_timestamp" time="0.000" /><testcase classname="backend.tests.test_messaging_email_notifications.TestFlux5ShouldNotifyHelper" name="test_cooldown_is_86400_seconds" time="0.000" /><testcase classname="backend.tests.test_messaging_email_notifications.TestFlux5ShouldNotifyHelper" name="test_should_notify_handles_missing_last_notified_key" time="0.000" /><testcase classname="backend.tests.test_messaging_email_notifications.TestFlux6CheckUnansweredConversations" name="test_function_is_async_coroutine" time="0.000" /><testcase classname="backend.tests.test_messaging_email_notifications.TestFlux6CheckUnansweredConversations" name="test_function_accepts_both_participants" time="0.003" /><testcase classname="backend.tests.test_messaging_email_notifications.TestFlux6CheckUnansweredConversations" name="test_function_uses_24h_threshold" time="0.001" /><testcase classname="backend.tests.test_messaging_email_notifications.TestFlux6CheckUnansweredConversations" name="test_function_respects_antispam" time="0.001" /><testcase classname="backend.tests.test_messaging_email_notifications.TestFlux6CheckUnansweredConversations" name="test_function_calls_send_unread_messages_digest_email" time="0.001" /><testcase classname="backend.tests.test_messaging_email_notifications.TestFlux6CheckUnansweredConversations" name="test_digest_email_function_exported_from_email_service" time="0.000" /><testcase classname="backend.tests.test_messaging_email_notifications.TestFlux6CheckUnansweredConversations" name="test_digest_email_function_signature" time="0.000" /><testcase classname="backend.tests.test_messaging_email_notifications.TestAPIRobustness" name="test_send_message_to_nonexistent_listing_returns_404" time="0.151" /><testcase classname="backend.tests.test_messaging_email_notifications.TestAPIRobustness" name="test_send_empty_message_returns_400" time="0.143" /><testcase classname="backend.tests.test_messaging_email_notifications.TestAPIRobustness" name="test_seller_cannot_message_own_listing" time="0.124" /><testcase classname="backend.tests.test_messaging_email_notifications.TestAPIRobustness" name="test_reply_to_nonexistent_conversation_returns_404" time="0.109" /><testcase classname="backend.tests.test_messaging_email_notifications.TestAPIRobustness" name="test_unauthorized_user_cannot_reply" time="0.124" /><testcase classname="backend.tests.test_messaging_email_notifications.TestAPIRobustness" name="test_send_message_without_auth_returns_401" time="0.135" /></testsuite></testsuites>