<?xml version="1.0" encoding="utf-8"?><testsuites name="pytest tests"><testsuite name="pytest" errors="0" failures="0" skipped="0" tests="6" time="22.643" timestamp="2026-07-07T01:37:05.672261+00:00" hostname="agent-env-f02080ad-18d6-4a5f-8f4f-f8b05291774e"><testcase classname="backend.tests.test_citadelle_moderation" name="test_warn_member_returns_until_and_keeps_active" time="2.857" /><testcase classname="backend.tests.test_citadelle_moderation" name="test_suspend_blocks_actions_but_allows_consultation" time="12.490" /><testcase classname="backend.tests.test_citadelle_moderation" name="test_ban_blocks_require_citadelle_user_but_allows_invoices_transmissions" time="2.749" /><testcase classname="backend.tests.test_citadelle_moderation" name="test_reactivate_restores_actions" time="0.642" /><testcase classname="backend.tests.test_citadelle_moderation" name="test_login_allowed_for_suspended" time="1.893" /><testcase classname="backend.tests.test_citadelle_moderation" name="test_login_allowed_for_banned" time="1.957" /></testsuite></testsuites>