<?xml version="1.0" encoding="utf-8"?><testsuites name="pytest tests"><testsuite name="pytest" errors="0" failures="0" skipped="1" tests="23" time="13.769" timestamp="2026-06-13T16:54:11.935825+00:00" hostname="agent-env-192f0960-bba7-495e-996b-a059723c6af9"><testcase classname="backend.tests.test_citadelle_phase_c.TestCommissionPublicAPI" name="test_commission_returns_200" time="0.290" /><testcase classname="backend.tests.test_citadelle_phase_c.TestCommissionPublicAPI" name="test_commission_has_correct_fields" time="0.133" /><testcase classname="backend.tests.test_citadelle_phase_c.TestCommissionPublicAPI" name="test_commission_default_values" time="0.135" /><testcase classname="backend.tests.test_citadelle_phase_c.TestCommissionPublicAPI" name="test_commission_no_auth_required" time="0.096" /><testcase classname="backend.tests.test_citadelle_phase_c.TestAdminCommissionUpdate" name="test_admin_can_update_commission" time="0.526" /><testcase classname="backend.tests.test_citadelle_phase_c.TestAdminCommissionUpdate" name="test_commission_update_persisted" time="0.330" /><testcase classname="backend.tests.test_citadelle_phase_c.TestAdminCommissionUpdate" name="test_admin_resets_commission_to_defaults" time="0.100" /><testcase classname="backend.tests.test_citadelle_phase_c.TestAdminCommissionUpdate" name="test_non_admin_cannot_update_commission" time="0.454" /><testcase classname="backend.tests.test_citadelle_phase_c.TestAdminCommissionUpdate" name="test_invalid_commission_rate_rejected" time="0.132" /><testcase classname="backend.tests.test_citadelle_phase_c.TestServicesAPI" name="test_services_returns_200" time="0.105" /><testcase classname="backend.tests.test_citadelle_phase_c.TestServicesAPI" name="test_services_has_list" time="0.100" /><testcase classname="backend.tests.test_citadelle_phase_c.TestServicesAPI" name="test_services_has_target_categories" time="0.098" /><testcase classname="backend.tests.test_citadelle_phase_c.TestServicesAPI" name="test_services_has_required_fields" time="0.133" /><testcase classname="backend.tests.test_citadelle_phase_c.TestServicesAPI" name="test_transaction_securisee_is_commun" time="0.108" /><testcase classname="backend.tests.test_citadelle_phase_c.TestServicesAPI" name="test_vendeur_services_count" time="0.139" /><testcase classname="backend.tests.test_citadelle_phase_c.TestServicesAPI" name="test_acheteur_services_count" time="0.096" /><testcase classname="backend.tests.test_citadelle_phase_c.TestServicesAPI" name="test_refonte_avant_vente_is_sur_devis" time="0.100" /><testcase classname="backend.tests.test_citadelle_phase_c.TestMessageSanitizer" name="test_sanitizer_removes_email" time="0.001" /><testcase classname="backend.tests.test_citadelle_phase_c.TestMessageSanitizer" name="test_sanitizer_removes_phone" time="0.000" /><testcase classname="backend.tests.test_citadelle_phase_c.TestMessageSanitizer" name="test_sanitizer_clean_text_unchanged" time="0.000" /><testcase classname="backend.tests.test_citadelle_phase_c.TestMessageSanitizer" name="test_sanitizer_masque_value" time="0.000" /><testcase classname="backend.tests.test_citadelle_phase_c.TestMessageSendSanitizer" name="test_message_with_email_gets_sanitized" time="0.520"><skipped type="pytest.skip" message="Message send failed: 400">/app/backend/tests/test_citadelle_phase_c.py:354: Message send failed: 400</skipped></testcase><testcase classname="backend.tests.test_citadelle_phase_c.TestServicesContact" name="test_contact_endpoint_exists" time="10.053" /></testsuite></testsuites>