<?xml version="1.0" encoding="utf-8"?><testsuites name="pytest tests"><testsuite name="pytest" errors="0" failures="0" skipped="0" tests="15" time="2.657" timestamp="2026-07-06T00:08:19.105552+00:00" hostname="agent-env-f02080ad-18d6-4a5f-8f4f-f8b05291774e"><testcase classname="tests.test_push_alerts.TestVapidKey" name="test_vapid_key_public" time="0.141" /><testcase classname="tests.test_push_alerts.TestSummaryAuth" name="test_summary_requires_auth" time="0.117" /><testcase classname="tests.test_push_alerts.TestSummaryAuth" name="test_summary_with_admin" time="0.455" /><testcase classname="tests.test_push_alerts.TestSubscribe" name="test_subscribe_requires_auth" time="0.130" /><testcase classname="tests.test_push_alerts.TestSubscribe" name="test_subscribe_incomplete_returns_400" time="0.216" /><testcase classname="tests.test_push_alerts.TestSubscribe" name="test_subscribe_ok" time="0.127" /><testcase classname="tests.test_push_alerts.TestSubscribe" name="test_subscribe_upsert_no_duplicate" time="0.383" /><testcase classname="tests.test_push_alerts.TestSubscribe" name="test_unsubscribe_ok" time="0.117" /><testcase classname="tests.test_push_alerts.TestQuickActions" name="test_validate_listing_removes_from_summary" time="0.341" /><testcase classname="tests.test_push_alerts.TestQuickActions" name="test_reject_listing" time="0.110" /><testcase classname="tests.test_push_alerts.TestQuickActions" name="test_validate_requires_admin" time="0.125" /><testcase classname="tests.test_push_alerts.TestQuickActions" name="test_unknown_alert_type_400" time="0.113" /><testcase classname="tests.test_push_alerts.TestVapidSigning" name="test_env_key_priority" time="0.104" /><testcase classname="tests.test_push_alerts.TestVapidSigning" name="test_webpush_signature_accepted_fake_fcm" time="0.059" /><testcase classname="tests.test_push_alerts.TestSendPushRobustness" name="test_corrupt_subscription_purged" time="0.049" /></testsuite></testsuites>