<?xml version="1.0" encoding="utf-8"?><testsuites name="pytest tests"><testsuite name="pytest" errors="0" failures="0" skipped="0" tests="9" time="2.851" timestamp="2026-06-30T17:00:18.938721+00:00" hostname="agent-env-ed074b77-83b6-45c6-8c6f-0a7dec9d2f76"><testcase classname="test_reports.test_citadelle_services_payment.TestCitadelleServices" name="test_services_endpoint_returns_200" time="0.185" /><testcase classname="test_reports.test_citadelle_services_payment.TestCitadelleServices" name="test_services_count_is_13" time="0.159" /><testcase classname="test_reports.test_citadelle_services_payment.TestCitadelleServices" name="test_services_have_required_fields" time="0.107" /><testcase classname="test_reports.test_citadelle_services_payment.TestCitadelleServices" name="test_there_is_at_least_one_paid_service" time="0.115" /><testcase classname="test_reports.test_citadelle_services_payment.TestCitadellePaymentCheckout" name="test_checkout_returns_200_with_checkout_url" time="0.626" /><testcase classname="test_reports.test_citadelle_services_payment.TestCitadellePaymentCheckout" name="test_checkout_response_has_checkout_url" time="0.477" /><testcase classname="test_reports.test_citadelle_services_payment.TestCitadellePaymentCheckout" name="test_checkout_validation_missing_name" time="0.533" /><testcase classname="test_reports.test_citadelle_services_payment.TestCitadellePaymentCheckout" name="test_checkout_free_service_returns_400" time="0.363" /><testcase classname="test_reports.test_citadelle_services_payment.TestCitadellePaymentCheckout" name="test_checkout_invalid_service_id_returns_404" time="0.230" /></testsuite></testsuites>