<?xml version="1.0" encoding="utf-8"?><testsuites name="pytest tests"><testsuite name="pytest" errors="0" failures="0" skipped="0" tests="14" time="22.916" timestamp="2026-08-14T10:04:23.243548+00:00" hostname="agent-env-f02080ad-18d6-4a5f-8f4f-f8b05291774e"><testcase classname="backend.tests.test_listing_sanitizer" name="test_create_with_email_and_phone_masks_both" time="2.049" /><testcase classname="backend.tests.test_listing_sanitizer" name="test_create_without_contact_preserves_content" time="1.463" /><testcase classname="backend.tests.test_listing_sanitizer" name="test_title_and_niche_not_filtered" time="1.452" /><testcase classname="backend.tests.test_listing_sanitizer" name="test_patch_description_with_contact_masks" time="2.424" /><testcase classname="backend.tests.test_listing_sanitizer" name="test_patch_only_short_description" time="1.585" /><testcase classname="backend.tests.test_listing_sanitizer" name="test_various_phone_formats_masked[06 12 34 56 78-12345678]" time="1.451" /><testcase classname="backend.tests.test_listing_sanitizer" name="test_various_phone_formats_masked[06.12.34.56.78-12345678]" time="1.332" /><testcase classname="backend.tests.test_listing_sanitizer" name="test_various_phone_formats_masked[0612345678-0612345678]" time="1.404" /><testcase classname="backend.tests.test_listing_sanitizer" name="test_various_phone_formats_masked[+33 6 12 34 56 78-12345678]" time="1.392" /><testcase classname="backend.tests.test_listing_sanitizer" name="test_various_email_formats_masked[simple@example.com]" time="1.341" /><testcase classname="backend.tests.test_listing_sanitizer" name="test_various_email_formats_masked[prenom.nom+tag@sub.domain.co.uk]" time="1.329" /><testcase classname="backend.tests.test_listing_sanitizer" name="test_various_email_formats_masked[USER_123@Test-Domain.FR]" time="1.456" /><testcase classname="backend.tests.test_listing_sanitizer" name="test_patch_by_non_owner_returns_403" time="1.953" /><testcase classname="backend.tests.test_listing_sanitizer" name="test_patch_not_found_returns_404" time="2.217" /></testsuite></testsuites>