<?xml version="1.0" encoding="utf-8"?><testsuites name="pytest tests"><testsuite name="pytest" errors="0" failures="0" skipped="0" tests="17" time="5.752" timestamp="2026-07-03T17:15:09.947737+00:00" hostname="agent-env-13a96819-e1ca-45bc-96f7-cc9dc78bacde"><testcase classname="backend.tests.test_user_id_invoice_flow.TestCitadelleAuth" name="test_register_returns_201_with_user_id" time="2.347" /><testcase classname="backend.tests.test_user_id_invoice_flow.TestCitadelleAuth" name="test_login_returns_token_and_user" time="0.000" /><testcase classname="backend.tests.test_user_id_invoice_flow.TestCitadelleAuth" name="test_me_returns_user_info" time="0.140" /><testcase classname="backend.tests.test_user_id_invoice_flow.TestCheckoutWithUserId" name="test_checkout_accepts_user_id_field" time="0.716" /><testcase classname="backend.tests.test_user_id_invoice_flow.TestCheckoutWithUserId" name="test_checkout_without_user_id_still_works" time="0.364" /><testcase classname="backend.tests.test_user_id_invoice_flow.TestCheckoutWithUserId" name="test_checkout_user_id_null_still_works" time="0.385" /><testcase classname="backend.tests.test_user_id_invoice_flow.TestMyInvoices" name="test_invoices_my_requires_auth" time="0.138" /><testcase classname="backend.tests.test_user_id_invoice_flow.TestMyInvoices" name="test_invoices_my_returns_200_with_valid_token" time="0.145" /><testcase classname="backend.tests.test_user_id_invoice_flow.TestMyInvoices" name="test_invoices_my_response_structure" time="0.104" /><testcase classname="backend.tests.test_user_id_invoice_flow.TestMyInvoices" name="test_invoices_my_invalid_token_returns_401" time="0.106" /><testcase classname="backend.tests.test_user_id_invoice_flow.TestPushAlertsVapidKey" name="test_vapid_key_returns_200" time="0.153" /><testcase classname="backend.tests.test_user_id_invoice_flow.TestPushAlertsVapidKey" name="test_vapid_key_has_public_key_field" time="0.147" /><testcase classname="backend.tests.test_user_id_invoice_flow.TestPushAlertsSummary" name="test_summary_requires_auth" time="0.104" /><testcase classname="backend.tests.test_user_id_invoice_flow.TestPushAlertsSummary" name="test_summary_returns_200_with_admin_token" time="0.472" /><testcase classname="backend.tests.test_user_id_invoice_flow.TestPushAlertsSummary" name="test_summary_returns_valid_structure" time="0.126" /><testcase classname="backend.tests.test_user_id_invoice_flow.TestAdminCitadelleServices" name="test_admin_can_list_services" time="0.109" /><testcase classname="backend.tests.test_user_id_invoice_flow.TestAdminCitadelleServices" name="test_admin_invoices_endpoint" time="0.121" /></testsuite></testsuites>