<?xml version="1.0" encoding="utf-8"?><testsuites name="pytest tests"><testsuite name="pytest" errors="0" failures="0" skipped="2" tests="11" time="15.904" timestamp="2026-07-05T17:09:57.169813+00:00" hostname="agent-env-f02080ad-18d6-4a5f-8f4f-f8b05291774e"><testcase classname="tests.test_citadelle_withdraw_refuse" name="test_withdraw_from_offer_sent" time="2.062" /><testcase classname="tests.test_citadelle_withdraw_refuse" name="test_withdraw_from_offer_countered" time="1.564" /><testcase classname="tests.test_citadelle_withdraw_refuse" name="test_withdraw_from_offer_accepted" time="1.509" /><testcase classname="tests.test_citadelle_withdraw_refuse" name="test_withdraw_forbidden_for_seller" time="1.820" /><testcase classname="tests.test_citadelle_withdraw_refuse" name="test_withdraw_forbidden_after_payment" time="1.454" /><testcase classname="tests.test_citadelle_withdraw_refuse" name="test_withdraw_forbidden_after_completion" time="1.436" /><testcase classname="tests.test_citadelle_withdraw_refuse" name="test_refuse_counter_success" time="1.568" /><testcase classname="tests.test_citadelle_withdraw_refuse" name="test_refuse_counter_wrong_status" time="1.404" /><testcase classname="tests.test_citadelle_withdraw_refuse" name="test_refuse_counter_forbidden_for_seller" time="1.409" /><testcase classname="tests.test_citadelle_withdraw_refuse" name="test_full_flow_offer_counter_refuse" time="0.824"><skipped type="pytest.skip" message="No listing available for flow test">/app/backend/tests/test_citadelle_withdraw_refuse.py:169: No listing available for flow test</skipped></testcase><testcase classname="tests.test_citadelle_withdraw_refuse" name="test_full_flow_withdraw_after_accept" time="0.792"><skipped type="pytest.skip" message="No listing available for flow test">/app/backend/tests/test_citadelle_withdraw_refuse.py:197: No listing available for flow test</skipped></testcase></testsuite></testsuites>